<?xml version="1.0" encoding="UTF-8"?>
<!-- Generated by org.testng.reporters.JUnitReportReporter -->
<testsuite hostname="VSP-64QD6Q3" failures="0" tests="1" name="test.test2" time="0.001" errors="0" timestamp="2023-04-04T11:53:19 IST" skipped="0">
  <testcase classname="test.test2" name="demo" time="0.001"/>
  <system-out/>
</testsuite> <!-- test.test2 -->
