<?xml version="1.0" encoding="UTF-8"?>
<!-- Generated by org.testng.reporters.JUnitReportReporter -->
<testsuite hostname="VSP-64QD6Q3" failures="0" tests="2" name="test.test1" time="0.005" errors="0" timestamp="2023-04-04T11:53:19 IST" skipped="0">
  <testcase classname="test.test1" name="Demo3" time="0.000"/>
  <system-out/>
  <testcase classname="test.test1" name="Demo" time="0.005"/>
  <system-out/>
</testsuite> <!-- test.test1 -->
